<?xml version="1.0" encoding="UTF-8"?>
<!-- Generated by org.testng.reporters.JUnitXMLReporter -->
<testsuite ignored="0" hostname="Vinoth24-WK" failures="1" tests="1" name="Web" time="51.617" errors="0" timestamp="2026-05-20T23:08:05 IST">
  <testcase classname="com.xnotify.bdd.common.runner.Playground" name="scenario" time="47.599">
    <failure type="com.microsoft.playwright.TimeoutError" message="Error {
  message=&amp;apos;Timeout 10000ms exceeded.
  name=&amp;apos;TimeoutError
  stack=&amp;apos;TimeoutError: Timeout 10000ms exceeded.
    at ProgressController.run (C:\Users\TECQNIO\AppData\Local\Temp\playwright-java-5046639151282186976\package\lib\server\progress.js:87:26)
    at Frame.waitForSelector (C:\Users\TECQNIO\AppData\Local\Temp\playwright-java-5046639151282186976\package\lib\server\frames.js:619:23)
    at FrameDispatcher.waitForSelector (C:\Users\TECQNIO\AppData\Local\Temp\playwright-java-5046639151282186976\package\lib\server\dispatchers\frameDispatcher.js:106:103)
    at FrameDispatcher._handleCommand (C:\Users\TECQNIO\AppData\Local\Temp\playwright-java-5046639151282186976\package\lib\server\dispatchers\dispatcher.js:94:40)
    at DispatcherConnection.dispatch (C:\Users\TECQNIO\AppData\Local\Temp\playwright-java-5046639151282186976\package\lib\server\dispatchers\dispatcher.js:362:39)
}
Call log:
- waiting for locator(&amp;quot;//div[contains(text(),&amp;apos;successfully&amp;apos;)]&amp;quot;) to be visible
">
      <![CDATA[com.microsoft.playwright.TimeoutError: Error {
  message='Timeout 10000ms exceeded.
  name='TimeoutError
  stack='TimeoutError: Timeout 10000ms exceeded.
    at ProgressController.run (C:\Users\TECQNIO\AppData\Local\Temp\playwright-java-5046639151282186976\package\lib\server\progress.js:87:26)
    at Frame.waitForSelector (C:\Users\TECQNIO\AppData\Local\Temp\playwright-java-5046639151282186976\package\lib\server\frames.js:619:23)
    at FrameDispatcher.waitForSelector (C:\Users\TECQNIO\AppData\Local\Temp\playwright-java-5046639151282186976\package\lib\server\dispatchers\frameDispatcher.js:106:103)
    at FrameDispatcher._handleCommand (C:\Users\TECQNIO\AppData\Local\Temp\playwright-java-5046639151282186976\package\lib\server\dispatchers\dispatcher.js:94:40)
    at DispatcherConnection.dispatch (C:\Users\TECQNIO\AppData\Local\Temp\playwright-java-5046639151282186976\package\lib\server\dispatchers\dispatcher.js:362:39)
}
Call log:
- waiting for locator("//div[contains(text(),'successfully')]") to be visible

at com.microsoft.playwright.impl.WaitableResult.get(WaitableResult.java:52)
at com.microsoft.playwright.impl.ChannelOwner.runUntil(ChannelOwner.java:120)
at com.microsoft.playwright.impl.Connection.sendMessage(Connection.java:129)
at com.microsoft.playwright.impl.ChannelOwner.sendMessage(ChannelOwner.java:106)
at com.microsoft.playwright.impl.FrameImpl.waitForSelectorImpl(FrameImpl.java:1060)
at com.microsoft.playwright.impl.FrameImpl.waitForSelectorImpl(FrameImpl.java:1050)
at com.microsoft.playwright.impl.PageImpl.lambda$waitForSelector$92(PageImpl.java:1457)
at com.microsoft.playwright.impl.LoggingSupport.withLogging(LoggingSupport.java:47)
at com.microsoft.playwright.impl.ChannelOwner.withLogging(ChannelOwner.java:89)
at com.microsoft.playwright.impl.PageImpl.waitForSelector(PageImpl.java:1456)
at com.xnotify.bdd.ccl.PlayActions.waitForVisible(PlayActions.java:621)
at com.xnotify.bdd.web.screens.CampaignBuilderScreen.verifyCampaignCreated(CampaignBuilderScreen.java:111)
at com.xnotify.bdd.web.step_definitions.CampaignBuilderSteps.verifyCampaignCreated(CampaignBuilderSteps.java:77)
at ✽.campaign should be created successfully(file:///C:/Users/TECQNIO/Documents/GitHub/CENOMI-XNotify/src/test/java/com/xnotify/bdd/web/features/CampaignBuilder.feature:25)
Caused by: com.microsoft.playwright.TimeoutError: Error {
  message='Timeout 10000ms exceeded.
  name='TimeoutError
  stack='TimeoutError: Timeout 10000ms exceeded.
    at ProgressController.run (C:\Users\TECQNIO\AppData\Local\Temp\playwright-java-5046639151282186976\package\lib\server\progress.js:87:26)
    at Frame.waitForSelector (C:\Users\TECQNIO\AppData\Local\Temp\playwright-java-5046639151282186976\package\lib\server\frames.js:619:23)
    at FrameDispatcher.waitForSelector (C:\Users\TECQNIO\AppData\Local\Temp\playwright-java-5046639151282186976\package\lib\server\dispatchers\frameDispatcher.js:106:103)
    at FrameDispatcher._handleCommand (C:\Users\TECQNIO\AppData\Local\Temp\playwright-java-5046639151282186976\package\lib\server\dispatchers\dispatcher.js:94:40)
    at DispatcherConnection.dispatch (C:\Users\TECQNIO\AppData\Local\Temp\playwright-java-5046639151282186976\package\lib\server\dispatchers\dispatcher.js:362:39)
}
Call log:
- waiting for locator("//div[contains(text(),'successfully')]") to be visible

at com.microsoft.playwright.impl.Connection.dispatch(Connection.java:254)
at com.microsoft.playwright.impl.Connection.processOneMessage(Connection.java:209)
at com.microsoft.playwright.impl.ChannelOwner.runUntil(ChannelOwner.java:118)
at com.microsoft.playwright.impl.Connection.sendMessage(Connection.java:129)
at com.microsoft.playwright.impl.ChannelOwner.sendMessage(ChannelOwner.java:106)
at com.microsoft.playwright.impl.FrameImpl.waitForSelectorImpl(FrameImpl.java:1060)
at com.microsoft.playwright.impl.FrameImpl.waitForSelectorImpl(FrameImpl.java:1050)
at com.microsoft.playwright.impl.PageImpl.lambda$waitForSelector$92(PageImpl.java:1457)
at com.microsoft.playwright.impl.LoggingSupport.withLogging(LoggingSupport.java:47)
at com.microsoft.playwright.impl.ChannelOwner.withLogging(ChannelOwner.java:89)
at com.microsoft.playwright.impl.PageImpl.waitForSelector(PageImpl.java:1456)
at com.xnotify.bdd.ccl.PlayActions.waitForVisible(PlayActions.java:621)
at com.xnotify.bdd.web.screens.CampaignBuilderScreen.verifyCampaignCreated(CampaignBuilderScreen.java:111)
at com.xnotify.bdd.web.step_definitions.CampaignBuilderSteps.verifyCampaignCreated(CampaignBuilderSteps.java:77)
at io.cucumber.java.Invoker.doInvoke(Invoker.java:66)
at io.cucumber.java.Invoker.invoke(Invoker.java:24)
at io.cucumber.java.AbstractGlueDefinition.invokeMethod(AbstractGlueDefinition.java:47)
at io.cucumber.java.JavaStepDefinition.execute(JavaStepDefinition.java:29)
at io.cucumber.core.runner.CoreStepDefinition.execute(CoreStepDefinition.java:66)
at io.cucumber.core.runner.PickleStepDefinitionMatch.runStep(PickleStepDefinitionMatch.java:63)
at io.cucumber.core.runner.ExecutionMode$1.execute(ExecutionMode.java:10)
at io.cucumber.core.runner.TestStep.executeStep(TestStep.java:85)
at io.cucumber.core.runner.TestStep.run(TestStep.java:57)
at io.cucumber.core.runner.PickleStepTestStep.run(PickleStepTestStep.java:51)
at io.cucumber.core.runner.TestCase.run(TestCase.java:84)
at io.cucumber.core.runner.Runner.runPickle(Runner.java:75)
at io.cucumber.testng.TestNGCucumberRunner.lambda$runScenario$1(TestNGCucumberRunner.java:132)
at io.cucumber.core.runtime.CucumberExecutionContext.lambda$runTestCase$5(CucumberExecutionContext.java:129)
at io.cucumber.core.runtime.RethrowingThrowableCollector.executeAndThrow(RethrowingThrowableCollector.java:23)
at io.cucumber.core.runtime.CucumberExecutionContext.runTestCase(CucumberExecutionContext.java:129)
at io.cucumber.testng.TestNGCucumberRunner.runScenario(TestNGCucumberRunner.java:129)
at com.xnotify.bdd.common.runner.Playground.scenario(Playground.java:39)
at java.base/java.util.ArrayList.forEach(ArrayList.java:1511)
... Removed 34 stack frames]]>
    </failure>
  </testcase> <!-- scenario -->
</testsuite> <!-- Web -->
