<?xml version="1.0" encoding="UTF-8"?>
<testsuite xmlns:xsi="http://www.w3.org/2001/XMLSchema-instance" xsi:schemaLocation="https://maven.apache.org/surefire/maven-surefire-plugin/xsd/surefire-test-report.xsd" name="TestSuite" time="53.385" tests="1" errors="0" skipped="0" failures="1">
  <properties>
[...]
</properties>
  <testcase name="scenario" classname="com.xnotify.bdd.common.runner.Playground" time="48.494">
    <failure message="Error {&#10;  message=&apos;Timeout 10000ms exceeded.&#10;  name=&apos;TimeoutError&#10;  stack=&apos;TimeoutError: Timeout 10000ms exceeded.&#10;    at ProgressController.run (C:\Users\TECQNIO\AppData\Local\Temp\playwright-java-5046639151282186976\package\lib\server\progress.js:87:26)&#10;    at Frame.waitForSelector (C:\Users\TECQNIO\AppData\Local\Temp\playwright-java-5046639151282186976\package\lib\server\frames.js:619:23)&#10;    at FrameDispatcher.waitForSelector (C:\Users\TECQNIO\AppData\Local\Temp\playwright-java-5046639151282186976\package\lib\server\dispatchers\frameDispatcher.js:106:103)&#10;    at FrameDispatcher._handleCommand (C:\Users\TECQNIO\AppData\Local\Temp\playwright-java-5046639151282186976\package\lib\server\dispatchers\dispatcher.js:94:40)&#10;    at DispatcherConnection.dispatch (C:\Users\TECQNIO\AppData\Local\Temp\playwright-java-5046639151282186976\package\lib\server\dispatchers\dispatcher.js:362:39)&#10;}&#10;Call log:&#10;- waiting for locator(&quot;//div[contains(text(),&apos;successfully&apos;)]&quot;) to be visible&#10;" type="com.microsoft.playwright.TimeoutError">com.microsoft.playwright.TimeoutError: 
Error {
  message='Timeout 10000ms exceeded.
  name='TimeoutError
  stack='TimeoutError: Timeout 10000ms exceeded.
    at ProgressController.run (C:\Users\TECQNIO\AppData\Local\Temp\playwright-java-5046639151282186976\package\lib\server\progress.js:87:26)
    at Frame.waitForSelector (C:\Users\TECQNIO\AppData\Local\Temp\playwright-java-5046639151282186976\package\lib\server\frames.js:619:23)
    at FrameDispatcher.waitForSelector (C:\Users\TECQNIO\AppData\Local\Temp\playwright-java-5046639151282186976\package\lib\server\dispatchers\frameDispatcher.js:106:103)
    at FrameDispatcher._handleCommand (C:\Users\TECQNIO\AppData\Local\Temp\playwright-java-5046639151282186976\package\lib\server\dispatchers\dispatcher.js:94:40)
    at DispatcherConnection.dispatch (C:\Users\TECQNIO\AppData\Local\Temp\playwright-java-5046639151282186976\package\lib\server\dispatchers\dispatcher.js:362:39)
}
Call log:
- waiting for locator("//div[contains(text(),'successfully')]") to be visible

	at com.xnotify.bdd.common.runner.Playground.scenario(Playground.java:39)
</failure>
    <system-out><![CDATA[==========In on execution start==============
Execution type is: Web_UI
@Before class
@Data provider
+++++++++++++++++++++onTestStart++++++++++++++++++++
Execution started @ chromium browser & for type : Web UI

@WelcomeSeries_PushBasic
Scenario: TC_001 Verify Welcome Series campaign using Push node                              # src/test/java/com/xnotify/bdd/web/features/CampaignBuilder.feature:13
+++++++++++++++++++before hooks++++++++++++++++++
Execution started @ chromium browser & for type : Web UI
Default window size: 1280 * 720
Actual URL - https://cenomi-xnotify-uat.thankfultree-83cac082.westeurope.azurecontainerapps.io/login
Expected URL - https://cenomi-xnotify-uat.thankfultree-83cac082.westeurope.azurecontainerapps.io/login
  Given user navigates to login page                                                         # com.xnotify.bdd.web.step_definitions.LoginSteps.userNavigatesToLoginPage()
Successfully entered value -  cenomyOne@gmail.com in Username Textbox box
  When user enters username                                                                  # com.xnotify.bdd.web.step_definitions.LoginSteps.userEntersUsername()
Successfully entered value -  Admin@123 in Password Textbox box
  And user enters password                                                                   # com.xnotify.bdd.web.step_definitions.LoginSteps.userEntersPassword()
Successfully clicked on  -  Login Button
  And user clicks on login button                                                            # com.xnotify.bdd.web.step_definitions.LoginSteps.userClicksOnLoginButton()
Text is -  Notifi
  Then user should be redirected to dashboard page                                           # com.xnotify.bdd.web.step_definitions.LoginSteps.userShouldBeRedirectedToDashboardPage()
Text is -  Notifi
  And dashboard page should be displayed successfully                                        # com.xnotify.bdd.web.step_definitions.LoginSteps.dashboardPageShouldBeDisplayedSuccessfully()
Successfully clicked on  -  Messaging Menu
Successfully clicked on  -  Campaign Builder
  When user navigates to Campaign Builder module                                             # com.xnotify.bdd.web.step_definitions.CampaignBuilderSteps.navigateCampaignBuilder()
Successfully clicked on  -  Create Campaign
  When user clicks create campaign button                                                    # com.xnotify.bdd.web.step_definitions.CampaignBuilderSteps.clickCreateCampaign()
Successfully entered value -  Automation Campaign 1 in Campaign Name box
  And user enters campaign name as "Automation Campaign 1"                                   # com.xnotify.bdd.web.step_definitions.CampaignBuilderSteps.enterCampaignName(java.lang.String)
Successfully entered value -  This is a test campaign created using automation in Campaign Description box
  And user enters campaign description as "This is a test campaign created using automation" # com.xnotify.bdd.web.step_definitions.CampaignBuilderSteps.enterCampaignDescription(java.lang.String)
Successfully clicked on  -  Campaign Type Dropdown
Total options: 5
Text: Welcome Series
  And user selects campaign type as "Welcome Series"                                         # com.xnotify.bdd.web.step_definitions.CampaignBuilderSteps.selectCampaignType(java.lang.String)
Successfully clicked on  -  Campaign Goal Dropdown
Total options: 4
Text: Engagement
  And user selects campaign goal as "Engagement"                                             # com.xnotify.bdd.web.step_definitions.CampaignBuilderSteps.selectCampaignGoal(java.lang.String)
Successfully clicked on  -  Segment User Button
Successfully clicked on  -  Target Audience Dropdown
Total options: 12
Text: All Contacts
Text: All Users
  And user selects audience as "Segment" and target audience as "All Users"                  # com.xnotify.bdd.web.step_definitions.CampaignBuilderSteps.selectAudience(java.lang.String,java.lang.String)
Successfully clicked on  -  Visual Flow Builder Tab
  And user clicks visual flow buildert tab                                                   # com.xnotify.bdd.web.step_definitions.CampaignBuilderSteps.clickVisualFlowBuilder()
Successfully clicked on  -  Add Note button
Successfully clicked on  -  Push Node
  And user adds "Push" node in visual flow                                                   # com.xnotify.bdd.web.step_definitions.CampaignBuilderSteps.addNode(java.lang.String)
Successfully clicked on  -  Schedule tab
  And user clicks schedule tab                                                               # com.xnotify.bdd.web.step_definitions.CampaignBuilderSteps.clickScheduleTab()
Successfully clicked on  -  Schedule Dropdown
Total options: 5
Text: Send Immediately
  And user configures "Send Immediately" schedule type                                       # com.xnotify.bdd.web.step_definitions.CampaignBuilderSteps.configureSchedule(java.lang.String)
Successfully clicked on  -  Save & Publish
  And user clicks save and publish button                                                    # com.xnotify.bdd.web.step_definitions.CampaignBuilderSteps.saveAndPublish()
  Then campaign should be created successfully                                               # com.xnotify.bdd.web.step_definitions.CampaignBuilderSteps.verifyCampaignCreated()
      com.microsoft.playwright.TimeoutError: Error {
  message='Timeout 10000ms exceeded.
  name='TimeoutError
  stack='TimeoutError: Timeout 10000ms exceeded.
    at ProgressController.run (C:\Users\TECQNIO\AppData\Local\Temp\playwright-java-5046639151282186976\package\lib\server\progress.js:87:26)
    at Frame.waitForSelector (C:\Users\TECQNIO\AppData\Local\Temp\playwright-java-5046639151282186976\package\lib\server\frames.js:619:23)
    at FrameDispatcher.waitForSelector (C:\Users\TECQNIO\AppData\Local\Temp\playwright-java-5046639151282186976\package\lib\server\dispatchers\frameDispatcher.js:106:103)
    at FrameDispatcher._handleCommand (C:\Users\TECQNIO\AppData\Local\Temp\playwright-java-5046639151282186976\package\lib\server\dispatchers\dispatcher.js:94:40)
    at DispatcherConnection.dispatch (C:\Users\TECQNIO\AppData\Local\Temp\playwright-java-5046639151282186976\package\lib\server\dispatchers\dispatcher.js:362:39)
}
Call log:
- waiting for locator("//div[contains(text(),'successfully')]") to be visible

	at com.microsoft.playwright.impl.WaitableResult.get(WaitableResult.java:52)
	at com.microsoft.playwright.impl.ChannelOwner.runUntil(ChannelOwner.java:120)
	at com.microsoft.playwright.impl.Connection.sendMessage(Connection.java:129)
	at com.microsoft.playwright.impl.ChannelOwner.sendMessage(ChannelOwner.java:106)
	at com.microsoft.playwright.impl.FrameImpl.waitForSelectorImpl(FrameImpl.java:1060)
	at com.microsoft.playwright.impl.FrameImpl.waitForSelectorImpl(FrameImpl.java:1050)
	at com.microsoft.playwright.impl.PageImpl.lambda$waitForSelector$92(PageImpl.java:1457)
	at com.microsoft.playwright.impl.LoggingSupport.withLogging(LoggingSupport.java:47)
	at com.microsoft.playwright.impl.ChannelOwner.withLogging(ChannelOwner.java:89)
	at com.microsoft.playwright.impl.PageImpl.waitForSelector(PageImpl.java:1456)
	at com.xnotify.bdd.ccl.PlayActions.waitForVisible(PlayActions.java:621)
	at com.xnotify.bdd.web.screens.CampaignBuilderScreen.verifyCampaignCreated(CampaignBuilderScreen.java:111)
	at com.xnotify.bdd.web.step_definitions.CampaignBuilderSteps.verifyCampaignCreated(CampaignBuilderSteps.java:77)
	at âœ½.campaign should be created successfully(file:///C:/Users/TECQNIO/Documents/GitHub/CENOMI-XNotify/src/test/java/com/xnotify/bdd/web/features/CampaignBuilder.feature:25)
Caused by: com.microsoft.playwright.TimeoutError: Error {
  message='Timeout 10000ms exceeded.
  name='TimeoutError
  stack='TimeoutError: Timeout 10000ms exceeded.
    at ProgressController.run (C:\Users\TECQNIO\AppData\Local\Temp\playwright-java-5046639151282186976\package\lib\server\progress.js:87:26)
    at Frame.waitForSelector (C:\Users\TECQNIO\AppData\Local\Temp\playwright-java-5046639151282186976\package\lib\server\frames.js:619:23)
    at FrameDispatcher.waitForSelector (C:\Users\TECQNIO\AppData\Local\Temp\playwright-java-5046639151282186976\package\lib\server\dispatchers\frameDispatcher.js:106:103)
    at FrameDispatcher._handleCommand (C:\Users\TECQNIO\AppData\Local\Temp\playwright-java-5046639151282186976\package\lib\server\dispatchers\dispatcher.js:94:40)
    at DispatcherConnection.dispatch (C:\Users\TECQNIO\AppData\Local\Temp\playwright-java-5046639151282186976\package\lib\server\dispatchers\dispatcher.js:362:39)
}
Call log:
- waiting for locator("//div[contains(text(),'successfully')]") to be visible

	at com.microsoft.playwright.impl.Connection.dispatch(Connection.java:254)
	at com.microsoft.playwright.impl.Connection.processOneMessage(Connection.java:209)
	at com.microsoft.playwright.impl.ChannelOwner.runUntil(ChannelOwner.java:118)
	at com.microsoft.playwright.impl.Connection.sendMessage(Connection.java:129)
	at com.microsoft.playwright.impl.ChannelOwner.sendMessage(ChannelOwner.java:106)
	at com.microsoft.playwright.impl.FrameImpl.waitForSelectorImpl(FrameImpl.java:1060)
	at com.microsoft.playwright.impl.FrameImpl.waitForSelectorImpl(FrameImpl.java:1050)
	at com.microsoft.playwright.impl.PageImpl.lambda$waitForSelector$92(PageImpl.java:1457)
	at com.microsoft.playwright.impl.LoggingSupport.withLogging(LoggingSupport.java:47)
	at com.microsoft.playwright.impl.ChannelOwner.withLogging(ChannelOwner.java:89)
	at com.microsoft.playwright.impl.PageImpl.waitForSelector(PageImpl.java:1456)
	at com.xnotify.bdd.ccl.PlayActions.waitForVisible(PlayActions.java:621)
	at com.xnotify.bdd.web.screens.CampaignBuilderScreen.verifyCampaignCreated(CampaignBuilderScreen.java:111)
	at com.xnotify.bdd.web.step_definitions.CampaignBuilderSteps.verifyCampaignCreated(CampaignBuilderSteps.java:77)
	at java.base/jdk.internal.reflect.NativeMethodAccessorImpl.invoke0(Native Method)
	at java.base/jdk.internal.reflect.NativeMethodAccessorImpl.invoke(NativeMethodAccessorImpl.java:77)
	at java.base/jdk.internal.reflect.DelegatingMethodAccessorImpl.invoke(DelegatingMethodAccessorImpl.java:43)
	at java.base/java.lang.reflect.Method.invoke(Method.java:569)
	at io.cucumber.java.Invoker.doInvoke(Invoker.java:66)
	at io.cucumber.java.Invoker.invoke(Invoker.java:24)
	at io.cucumber.java.AbstractGlueDefinition.invokeMethod(AbstractGlueDefinition.java:47)
	at io.cucumber.java.JavaStepDefinition.execute(JavaStepDefinition.java:29)
	at io.cucumber.core.runner.CoreStepDefinition.execute(CoreStepDefinition.java:66)
	at io.cucumber.core.runner.PickleStepDefinitionMatch.runStep(PickleStepDefinitionMatch.java:63)
	at io.cucumber.core.runner.ExecutionMode$1.execute(ExecutionMode.java:10)
	at io.cucumber.core.runner.TestStep.executeStep(TestStep.java:85)
	at io.cucumber.core.runner.TestStep.run(TestStep.java:57)
	at io.cucumber.core.runner.PickleStepTestStep.run(PickleStepTestStep.java:51)
	at io.cucumber.core.runner.TestCase.run(TestCase.java:84)
	at io.cucumber.core.runner.Runner.runPickle(Runner.java:75)
	at io.cucumber.testng.TestNGCucumberRunner.lambda$runScenario$1(TestNGCucumberRunner.java:132)
	at io.cucumber.core.runtime.CucumberExecutionContext.lambda$runTestCase$5(CucumberExecutionContext.java:129)
	at io.cucumber.core.runtime.RethrowingThrowableCollector.executeAndThrow(RethrowingThrowableCollector.java:23)
	at io.cucumber.core.runtime.CucumberExecutionContext.runTestCase(CucumberExecutionContext.java:129)
	at io.cucumber.testng.TestNGCucumberRunner.runScenario(TestNGCucumberRunner.java:129)
	at com.xnotify.bdd.common.runner.Playground.scenario(Playground.java:39)
	at java.base/jdk.internal.reflect.NativeMethodAccessorImpl.invoke0(Native Method)
	at java.base/jdk.internal.reflect.NativeMethodAccessorImpl.invoke(NativeMethodAccessorImpl.java:77)
	at java.base/jdk.internal.reflect.DelegatingMethodAccessorImpl.invoke(DelegatingMethodAccessorImpl.java:43)
	at java.base/java.lang.reflect.Method.invoke(Method.java:569)
	at org.testng.internal.MethodInvocationHelper.invokeMethod(MethodInvocationHelper.java:134)
	at org.testng.internal.TestInvoker.invokeMethod(TestInvoker.java:597)
	at org.testng.internal.TestInvoker.invokeTestMethod(TestInvoker.java:173)
	at org.testng.internal.MethodRunner.runInSequence(MethodRunner.java:46)
	at org.testng.internal.TestInvoker$MethodInvocationAgent.invoke(TestInvoker.java:816)
	at org.testng.internal.TestInvoker.invokeTestMethods(TestInvoker.java:146)
	at org.testng.internal.TestMethodWorker.invokeTestMethods(TestMethodWorker.java:146)
	at org.testng.internal.TestMethodWorker.run(TestMethodWorker.java:128)
	at java.base/java.util.ArrayList.forEach(ArrayList.java:1511)
	at org.testng.TestRunner.privateRun(TestRunner.java:766)
	at org.testng.TestRunner.run(TestRunner.java:587)
	at org.testng.SuiteRunner.runTest(SuiteRunner.java:384)
	at org.testng.SuiteRunner.runSequentially(SuiteRunner.java:378)
	at org.testng.SuiteRunner.privateRun(SuiteRunner.java:337)
	at org.testng.SuiteRunner.run(SuiteRunner.java:286)
	at org.testng.SuiteRunnerWorker.runSuite(SuiteRunnerWorker.java:53)
	at org.testng.SuiteRunnerWorker.run(SuiteRunnerWorker.java:96)
	at org.testng.TestNG.runSuitesSequentially(TestNG.java:1187)
	at org.testng.TestNG.runSuitesLocally(TestNG.java:1109)
	at org.testng.TestNG.runSuites(TestNG.java:1039)
	at org.testng.TestNG.run(TestNG.java:1007)
	at org.apache.maven.surefire.testng.TestNGExecutor.run(TestNGExecutor.java:281)
	at org.apache.maven.surefire.testng.TestNGXmlTestSuite.execute(TestNGXmlTestSuite.java:75)
	at org.apache.maven.surefire.testng.TestNGProvider.invoke(TestNGProvider.java:121)
	at org.apache.maven.surefire.booter.ForkedBooter.invokeProviderInSameClassLoader(ForkedBooter.java:290)
	at org.apache.maven.surefire.booter.ForkedBooter.runSuitesInProcess(ForkedBooter.java:242)
	at org.apache.maven.surefire.booter.ForkedBooter.main(ForkedBooter.java:121)

+++++++++++++++++++after hooks+++++++++++++++++++
Removing TC from totalTestCases: TC_001 Verify Welcome Series campaign using Push node

    Embedding null [image/png 114848 bytes]


    ScreenShot Attached

+++++++++++++++++++++onTestFailure++++++++++++++++++++
]]></system-out>
  </testcase>
</testsuite>