<?xml version="1.0" encoding="UTF-8"?>
<testng-results ignored="0" total="0" passed="0" failed="0" skipped="0">
  <reporter-output>
  </reporter-output>
  <suite started-at="2026-05-28T07:57:59 IST" name="Suite" finished-at="2026-05-28T07:59:00 IST" duration-ms="60521">
    <groups>
      <group name="cucumber">
        <method signature="API_Runner.scenario(io.cucumber.testng.PickleWrapper, io.cucumber.testng.FeatureWrapper)[pri:0, instance:com.xnotify.bdd.common.runner.API_Runner@56a6d5a6]" name="scenario" class="com.xnotify.bdd.common.runner.API_Runner"/>
      </group> <!-- cucumber -->
    </groups>
    <test started-at="2026-05-28T07:57:59 IST" name="API" finished-at="2026-05-28T07:59:00 IST" duration-ms="60521">
      <class name="com.xnotify.bdd.common.runner.API_Runner">
        <test-method is-config="true" signature="setUpClass()[pri:0, instance:com.xnotify.bdd.common.runner.API_Runner@56a6d5a6]" started-at="2026-05-28T07:57:59 IST" name="setUpClass" finished-at="2026-05-28T07:58:00 IST" duration-ms="777" status="PASS">
          <reporter-output>
          </reporter-output>
        </test-method> <!-- setUpClass -->
        <test-method is-config="true" signature="tearDownClass()[pri:0, instance:com.xnotify.bdd.common.runner.API_Runner@56a6d5a6]" started-at="2026-05-28T07:58:00 IST" name="tearDownClass" finished-at="2026-05-28T07:59:00 IST" duration-ms="59707" status="PASS">
          <reporter-output>
          </reporter-output>
        </test-method> <!-- tearDownClass -->
      </class> <!-- com.xnotify.bdd.common.runner.API_Runner -->
    </test> <!-- API -->
  </suite> <!-- Suite -->
</testng-results>
