<?xml version="1.0" encoding="UTF-8"?>
<!-- Generated by org.testng.reporters.JUnitReportReporter -->
<testsuite hostname="Vinoth24-WK" failures="4" tests="88" name="com.Gypsee.bdd.common.runner.API_Runner" time="49.063" errors="14" timestamp="2026-04-21T13:10:37 IST" skipped="0">
  <testcase classname="com.Gypsee.bdd.common.runner.API_Runner" name="scenario" time="0.114"/>
  <system-out/>
  <testcase classname="com.Gypsee.bdd.common.runner.API_Runner" name="scenario" time="0.141"/>
  <system-out/>
  <testcase classname="com.Gypsee.bdd.common.runner.API_Runner" name="scenario" time="0.211"/>
  <system-out/>
  <testcase classname="com.Gypsee.bdd.common.runner.API_Runner" name="scenario" time="0.120"/>
  <system-out/>
  <testcase classname="com.Gypsee.bdd.common.runner.API_Runner" name="scenario" time="0.343"/>
  <system-out/>
  <testcase classname="com.Gypsee.bdd.common.runner.API_Runner" name="scenario" time="0.429"/>
  <system-out/>
  <testcase classname="com.Gypsee.bdd.common.runner.API_Runner" name="scenario" time="0.542"/>
  <system-out/>
  <testcase classname="com.Gypsee.bdd.common.runner.API_Runner" name="scenario" time="0.288"/>
  <system-out/>
  <testcase classname="com.Gypsee.bdd.common.runner.API_Runner" name="scenario" time="0.262"/>
  <system-out/>
  <testcase classname="com.Gypsee.bdd.common.runner.API_Runner" name="scenario" time="0.033">
    <error message="Resource uri not defined for the specific file name - startTrip" type="java.lang.RuntimeException">
      <![CDATA[java.lang.RuntimeException: Resource uri not defined for the specific file name - startTrip
at com.Gypsee.bdd.integrations.common_utils.ResourceURIS.getResourceURI(ResourceURIS.java:90)
at com.Gypsee.bdd.api.step_definitions.ApiRequestModificationSteps.modifyPayload(ApiRequestModificationSteps.java:122)
at ✽.I modify the fields in "startTrip" payload(file:///C:/Users/TECQNIO/Documents/GitHub/Gypsee_Exploration/src/test/java/com/Gypsee/bdd/api/features/9.%20Gypsee_Start_Trip.feature:68)
]]>
    </error>
  </testcase> <!-- scenario -->
  <system-out/>
  <testcase classname="com.Gypsee.bdd.common.runner.API_Runner" name="scenario" time="0.127"/>
  <system-out/>
  <testcase classname="com.Gypsee.bdd.common.runner.API_Runner" name="scenario" time="0.223">
    <failure message="JSON documents are different:
Different value found in node &quot;$.totalRecords&quot;, expected: &lt;1&gt; but was: &lt;2&gt;.
" type="org.opentest4j.AssertionFailedError">
      <![CDATA[org.opentest4j.AssertionFailedError: JSON documents are different:
Different value found in node "$.totalRecords", expected: <1> but was: <2>.

at net.javacrumbs.jsonunit.core.internal.Opentest4jExceptionFactory.createException(ExceptionFactory.java:34)
at net.javacrumbs.jsonunit.core.internal.ExceptionUtils.createException(ExceptionUtils.java:45)
at net.javacrumbs.jsonunit.core.internal.Diff.failIfDifferent(Diff.java:617)
at net.javacrumbs.jsonunit.assertj.JsonAssert.isEqualTo(JsonAssert.java:118)
at com.Gypsee.bdd.api.step_definitions.APIResponseValidationSteps.veriFyApiResponseAtPath(APIResponseValidationSteps.java:86)
at ✽.the fields in response should match with expected values(file:///C:/Users/TECQNIO/Documents/GitHub/Gypsee_Exploration/src/test/java/com/Gypsee/bdd/api/features/3.%20Gypsee_Get_Trip_By_UserID.feature:23)
]]>
    </failure>
  </testcase> <!-- scenario -->
  <system-out/>
  <testcase classname="com.Gypsee.bdd.common.runner.API_Runner" name="scenario" time="0.141"/>
  <system-out/>
  <testcase classname="com.Gypsee.bdd.common.runner.API_Runner" name="scenario" time="0.152"/>
  <system-out/>
  <testcase classname="com.Gypsee.bdd.common.runner.API_Runner" name="scenario" time="0.194"/>
  <system-out/>
  <testcase classname="com.Gypsee.bdd.common.runner.API_Runner" name="scenario" time="0.116"/>
  <system-out/>
  <testcase classname="com.Gypsee.bdd.common.runner.API_Runner" name="scenario" time="0.144"/>
  <system-out/>
  <testcase classname="com.Gypsee.bdd.common.runner.API_Runner" name="scenario" time="0.021">
    <error message="Resource uri not defined for the specific file name - startTrip" type="java.lang.RuntimeException">
      <![CDATA[java.lang.RuntimeException: Resource uri not defined for the specific file name - startTrip
at com.Gypsee.bdd.integrations.common_utils.ResourceURIS.getResourceURI(ResourceURIS.java:90)
at com.Gypsee.bdd.api.step_definitions.ApiRequestModificationSteps.modifyPayload(ApiRequestModificationSteps.java:122)
at ✽.I modify the fields in "startTrip" payload(file:///C:/Users/TECQNIO/Documents/GitHub/Gypsee_Exploration/src/test/java/com/Gypsee/bdd/api/features/9.%20Gypsee_Start_Trip.feature:68)
]]>
    </error>
  </testcase> <!-- scenario -->
  <system-out/>
  <testcase classname="com.Gypsee.bdd.common.runner.API_Runner" name="scenario" time="1.832"/>
  <system-out/>
  <testcase classname="com.Gypsee.bdd.common.runner.API_Runner" name="scenario" time="0.119"/>
  <system-out/>
  <testcase classname="com.Gypsee.bdd.common.runner.API_Runner" name="scenario" time="0.861"/>
  <system-out/>
  <testcase classname="com.Gypsee.bdd.common.runner.API_Runner" name="scenario" time="0.029">
    <error message="Resource uri not defined for the specific file name - startTrip" type="java.lang.RuntimeException">
      <![CDATA[java.lang.RuntimeException: Resource uri not defined for the specific file name - startTrip
at com.Gypsee.bdd.integrations.common_utils.ResourceURIS.getResourceURI(ResourceURIS.java:90)
at com.Gypsee.bdd.api.step_definitions.ApiRequestModificationSteps.removeFieldFromPayLoad(ApiRequestModificationSteps.java:191)
at ✽.I remove the "$.userId" from "startTrip" payload(file:///C:/Users/TECQNIO/Documents/GitHub/Gypsee_Exploration/src/test/java/com/Gypsee/bdd/api/features/9.%20Gypsee_Start_Trip.feature:43)
]]>
    </error>
  </testcase> <!-- scenario -->
  <system-out/>
  <testcase classname="com.Gypsee.bdd.common.runner.API_Runner" name="scenario" time="1.829"/>
  <system-out/>
  <testcase classname="com.Gypsee.bdd.common.runner.API_Runner" name="scenario" time="0.025">
    <error message="Resource uri not defined for the specific file name - startTrip" type="java.lang.RuntimeException">
      <![CDATA[java.lang.RuntimeException: Resource uri not defined for the specific file name - startTrip
at com.Gypsee.bdd.integrations.common_utils.ResourceURIS.getResourceURI(ResourceURIS.java:90)
at com.Gypsee.bdd.api.step_definitions.ApiRequestModificationSteps.removeFieldFromPayLoad(ApiRequestModificationSteps.java:191)
at ✽.I remove the "$.vehicleId" from "startTrip" payload(file:///C:/Users/TECQNIO/Documents/GitHub/Gypsee_Exploration/src/test/java/com/Gypsee/bdd/api/features/9.%20Gypsee_Start_Trip.feature:43)
]]>
    </error>
  </testcase> <!-- scenario -->
  <system-out/>
  <testcase classname="com.Gypsee.bdd.common.runner.API_Runner" name="scenario" time="1.825"/>
  <system-out/>
  <testcase classname="com.Gypsee.bdd.common.runner.API_Runner" name="scenario" time="0.474"/>
  <system-out/>
  <testcase classname="com.Gypsee.bdd.common.runner.API_Runner" name="scenario" time="0.105"/>
  <system-out/>
  <testcase classname="com.Gypsee.bdd.common.runner.API_Runner" name="scenario" time="1.025"/>
  <system-out/>
  <testcase classname="com.Gypsee.bdd.common.runner.API_Runner" name="scenario" time="1.842"/>
  <system-out/>
  <testcase classname="com.Gypsee.bdd.common.runner.API_Runner" name="scenario" time="1.835"/>
  <system-out/>
  <testcase classname="com.Gypsee.bdd.common.runner.API_Runner" name="scenario" time="0.441"/>
  <system-out/>
  <testcase classname="com.Gypsee.bdd.common.runner.API_Runner" name="scenario" time="0.142"/>
  <system-out/>
  <testcase classname="com.Gypsee.bdd.common.runner.API_Runner" name="scenario" time="0.124"/>
  <system-out/>
  <testcase classname="com.Gypsee.bdd.common.runner.API_Runner" name="scenario" time="0.011">
    <error message="Resource uri not defined for the specific file name - startTrip" type="java.lang.RuntimeException">
      <![CDATA[java.lang.RuntimeException: Resource uri not defined for the specific file name - startTrip
at com.Gypsee.bdd.integrations.common_utils.ResourceURIS.getResourceURI(ResourceURIS.java:90)
at com.Gypsee.bdd.api.step_definitions.ApiRequestModificationSteps.removeFieldFromPayLoad(ApiRequestModificationSteps.java:191)
at ✽.I remove the "$.currentAltitude" from "startTrip" payload(file:///C:/Users/TECQNIO/Documents/GitHub/Gypsee_Exploration/src/test/java/com/Gypsee/bdd/api/features/9.%20Gypsee_Start_Trip.feature:43)
]]>
    </error>
  </testcase> <!-- scenario -->
  <system-out/>
  <testcase classname="com.Gypsee.bdd.common.runner.API_Runner" name="scenario" time="0.120"/>
  <system-out/>
  <testcase classname="com.Gypsee.bdd.common.runner.API_Runner" name="scenario" time="0.808"/>
  <system-out/>
  <testcase classname="com.Gypsee.bdd.common.runner.API_Runner" name="scenario" time="0.111"/>
  <system-out/>
  <testcase classname="com.Gypsee.bdd.common.runner.API_Runner" name="scenario" time="0.507"/>
  <system-out/>
  <testcase classname="com.Gypsee.bdd.common.runner.API_Runner" name="scenario" time="0.413"/>
  <system-out/>
  <testcase classname="com.Gypsee.bdd.common.runner.API_Runner" name="scenario" time="0.104"/>
  <system-out/>
  <testcase classname="com.Gypsee.bdd.common.runner.API_Runner" name="scenario" time="0.821"/>
  <system-out/>
  <testcase classname="com.Gypsee.bdd.common.runner.API_Runner" name="scenario" time="0.518"/>
  <system-out/>
  <testcase classname="com.Gypsee.bdd.common.runner.API_Runner" name="scenario" time="0.256"/>
  <system-out/>
  <testcase classname="com.Gypsee.bdd.common.runner.API_Runner" name="scenario" time="10.328">
    <failure message="actual response time is more than excpected response time. expected time is: 3000 milliseconds and actual time is: 10221" type="java.lang.AssertionError">
      <![CDATA[java.lang.AssertionError: actual response time is more than excpected response time. expected time is: 3000 milliseconds and actual time is: 10221
at org.testng.Assert.fail(Assert.java:97)
at com.Gypsee.bdd.api.step_definitions.APIResponseValidationSteps.validateResponseTime(APIResponseValidationSteps.java:224)
at ✽.verify response time is less than "3000" milliseconds(file:///C:/Users/TECQNIO/Documents/GitHub/Gypsee_Exploration/src/test/java/com/Gypsee/bdd/api/features/1.%20Gypsee_Post_Get_Otp%201.feature:127)
]]>
    </failure>
  </testcase> <!-- scenario -->
  <system-out/>
  <testcase classname="com.Gypsee.bdd.common.runner.API_Runner" name="scenario" time="0.845"/>
  <system-out/>
  <testcase classname="com.Gypsee.bdd.common.runner.API_Runner" name="scenario" time="0.112"/>
  <system-out/>
  <testcase classname="com.Gypsee.bdd.common.runner.API_Runner" name="scenario" time="0.119"/>
  <system-out/>
  <testcase classname="com.Gypsee.bdd.common.runner.API_Runner" name="scenario" time="0.016">
    <error message="Resource uri not defined for the specific file name - startTrip" type="java.lang.RuntimeException">
      <![CDATA[java.lang.RuntimeException: Resource uri not defined for the specific file name - startTrip
at com.Gypsee.bdd.integrations.common_utils.ResourceURIS.getResourceURI(ResourceURIS.java:90)
at com.Gypsee.bdd.api.step_definitions.ApiRequestModificationSteps.modifyPayload(ApiRequestModificationSteps.java:122)
at ✽.I modify the fields in "startTrip" payload(file:///C:/Users/TECQNIO/Documents/GitHub/Gypsee_Exploration/src/test/java/com/Gypsee/bdd/api/features/9.%20Gypsee_Start_Trip.feature:15)
]]>
    </error>
  </testcase> <!-- scenario -->
  <system-out/>
  <testcase classname="com.Gypsee.bdd.common.runner.API_Runner" name="scenario" time="0.125"/>
  <system-out/>
  <testcase classname="com.Gypsee.bdd.common.runner.API_Runner" name="scenario" time="1.824"/>
  <system-out/>
  <testcase classname="com.Gypsee.bdd.common.runner.API_Runner" name="scenario" time="0.116"/>
  <system-out/>
  <testcase classname="com.Gypsee.bdd.common.runner.API_Runner" name="scenario" time="0.035">
    <error message="Resource uri not defined for the specific file name - startTrip" type="java.lang.RuntimeException">
      <![CDATA[java.lang.RuntimeException: Resource uri not defined for the specific file name - startTrip
at com.Gypsee.bdd.integrations.common_utils.ResourceURIS.getResourceURI(ResourceURIS.java:90)
at com.Gypsee.bdd.api.step_definitions.ApiRequestModificationSteps.modifyPayload(ApiRequestModificationSteps.java:122)
at ✽.I modify the fields in "startTrip" payload(file:///C:/Users/TECQNIO/Documents/GitHub/Gypsee_Exploration/src/test/java/com/Gypsee/bdd/api/features/9.%20Gypsee_Start_Trip.feature:68)
]]>
    </error>
  </testcase> <!-- scenario -->
  <system-out/>
  <testcase classname="com.Gypsee.bdd.common.runner.API_Runner" name="scenario" time="0.133"/>
  <system-out/>
  <testcase classname="com.Gypsee.bdd.common.runner.API_Runner" name="scenario" time="0.139"/>
  <system-out/>
  <testcase classname="com.Gypsee.bdd.common.runner.API_Runner" name="scenario" time="0.540"/>
  <system-out/>
  <testcase classname="com.Gypsee.bdd.common.runner.API_Runner" name="scenario" time="0.137"/>
  <system-out/>
  <testcase classname="com.Gypsee.bdd.common.runner.API_Runner" name="scenario" time="0.849"/>
  <system-out/>
  <testcase classname="com.Gypsee.bdd.common.runner.API_Runner" name="scenario" time="1.812"/>
  <system-out/>
  <testcase classname="com.Gypsee.bdd.common.runner.API_Runner" name="scenario" time="0.828"/>
  <system-out/>
  <testcase classname="com.Gypsee.bdd.common.runner.API_Runner" name="scenario" time="0.096"/>
  <system-out/>
  <testcase classname="com.Gypsee.bdd.common.runner.API_Runner" name="scenario" time="0.018">
    <error message="Resource uri not defined for the specific file name - startTrip" type="java.lang.RuntimeException">
      <![CDATA[java.lang.RuntimeException: Resource uri not defined for the specific file name - startTrip
at com.Gypsee.bdd.integrations.common_utils.ResourceURIS.getResourceURI(ResourceURIS.java:90)
at com.Gypsee.bdd.api.step_definitions.ApiRequestModificationSteps.removeFieldFromPayLoad(ApiRequestModificationSteps.java:191)
at ✽.I remove the "$.currentLatitude" from "startTrip" payload(file:///C:/Users/TECQNIO/Documents/GitHub/Gypsee_Exploration/src/test/java/com/Gypsee/bdd/api/features/9.%20Gypsee_Start_Trip.feature:43)
]]>
    </error>
  </testcase> <!-- scenario -->
  <system-out/>
  <testcase classname="com.Gypsee.bdd.common.runner.API_Runner" name="scenario" time="0.023">
    <error message="Resource uri not defined for the specific file name - startTrip" type="java.lang.RuntimeException">
      <![CDATA[java.lang.RuntimeException: Resource uri not defined for the specific file name - startTrip
at com.Gypsee.bdd.integrations.common_utils.ResourceURIS.getResourceURI(ResourceURIS.java:90)
at com.Gypsee.bdd.api.step_definitions.ApiRequestModificationSteps.removeFieldFromPayLoad(ApiRequestModificationSteps.java:191)
at ✽.I remove the "$.currentLongitude" from "startTrip" payload(file:///C:/Users/TECQNIO/Documents/GitHub/Gypsee_Exploration/src/test/java/com/Gypsee/bdd/api/features/9.%20Gypsee_Start_Trip.feature:43)
]]>
    </error>
  </testcase> <!-- scenario -->
  <system-out/>
  <testcase classname="com.Gypsee.bdd.common.runner.API_Runner" name="scenario" time="0.434">
    <failure message="JSON documents are different:
Different value found in node &quot;$.totalRecords&quot;, expected: &lt;2849&gt; but was: &lt;46702&gt;.
" type="org.opentest4j.AssertionFailedError">
      <![CDATA[org.opentest4j.AssertionFailedError: JSON documents are different:
Different value found in node "$.totalRecords", expected: <2849> but was: <46702>.

at net.javacrumbs.jsonunit.core.internal.Opentest4jExceptionFactory.createException(ExceptionFactory.java:34)
at net.javacrumbs.jsonunit.core.internal.ExceptionUtils.createException(ExceptionUtils.java:45)
at net.javacrumbs.jsonunit.core.internal.Diff.failIfDifferent(Diff.java:617)
at net.javacrumbs.jsonunit.assertj.JsonAssert.isEqualTo(JsonAssert.java:118)
at com.Gypsee.bdd.api.step_definitions.APIResponseValidationSteps.veriFyApiResponseAtPath(APIResponseValidationSteps.java:86)
at ✽.the fields in response should match with expected values(file:///C:/Users/TECQNIO/Documents/GitHub/Gypsee_Exploration/src/test/java/com/Gypsee/bdd/api/features/4.%20Gypsee_Get_Driving_Alerts_By_TripID.feature:24)
]]>
    </failure>
  </testcase> <!-- scenario -->
  <system-out/>
  <testcase classname="com.Gypsee.bdd.common.runner.API_Runner" name="scenario" time="0.165"/>
  <system-out/>
  <testcase classname="com.Gypsee.bdd.common.runner.API_Runner" name="scenario" time="0.128"/>
  <system-out/>
  <testcase classname="com.Gypsee.bdd.common.runner.API_Runner" name="scenario" time="0.176"/>
  <system-out/>
  <testcase classname="com.Gypsee.bdd.common.runner.API_Runner" name="scenario" time="0.103"/>
  <system-out/>
  <testcase classname="com.Gypsee.bdd.common.runner.API_Runner" name="scenario" time="0.120"/>
  <system-out/>
  <testcase classname="com.Gypsee.bdd.common.runner.API_Runner" name="scenario" time="0.027">
    <error message="Resource uri not defined for the specific file name - startTrip" type="java.lang.RuntimeException">
      <![CDATA[java.lang.RuntimeException: Resource uri not defined for the specific file name - startTrip
at com.Gypsee.bdd.integrations.common_utils.ResourceURIS.getResourceURI(ResourceURIS.java:90)
at com.Gypsee.bdd.api.step_definitions.ApiRequestModificationSteps.modifyPayload(ApiRequestModificationSteps.java:122)
at ✽.I modify the fields in "startTrip" payload(file:///C:/Users/TECQNIO/Documents/GitHub/Gypsee_Exploration/src/test/java/com/Gypsee/bdd/api/features/9.%20Gypsee_Start_Trip.feature:68)
]]>
    </error>
  </testcase> <!-- scenario -->
  <system-out/>
  <testcase classname="com.Gypsee.bdd.common.runner.API_Runner" name="scenario" time="1.837"/>
  <system-out/>
  <testcase classname="com.Gypsee.bdd.common.runner.API_Runner" name="scenario" time="1.835"/>
  <system-out/>
  <testcase classname="com.Gypsee.bdd.common.runner.API_Runner" name="scenario" time="0.155">
    <failure message="JSON documents are different:
Different value found in node &quot;$.userRegisteredDevices[0].bluetoothName&quot;, expected: &lt;&quot;Amazfit GTS&quot;&gt; but was: &lt;&quot;Bluetooth Headset&quot;&gt;.
" type="org.opentest4j.AssertionFailedError">
      <![CDATA[org.opentest4j.AssertionFailedError: JSON documents are different:
Different value found in node "$.userRegisteredDevices[0].bluetoothName", expected: <"Amazfit GTS"> but was: <"Bluetooth Headset">.

at net.javacrumbs.jsonunit.core.internal.Opentest4jExceptionFactory.createException(ExceptionFactory.java:34)
at net.javacrumbs.jsonunit.core.internal.ExceptionUtils.createException(ExceptionUtils.java:45)
at net.javacrumbs.jsonunit.core.internal.Diff.failIfDifferent(Diff.java:617)
at net.javacrumbs.jsonunit.assertj.JsonAssert.isEqualTo(JsonAssert.java:118)
at com.Gypsee.bdd.api.step_definitions.APIResponseValidationSteps.veriFyApiResponseAtPath(APIResponseValidationSteps.java:86)
at ✽.the fields in response should match with expected values(file:///C:/Users/TECQNIO/Documents/GitHub/Gypsee_Exploration/src/test/java/com/Gypsee/bdd/api/features/8.%20Gypsee_Get_Registered_Device.feature:22)
]]>
    </failure>
  </testcase> <!-- scenario -->
  <system-out/>
  <testcase classname="com.Gypsee.bdd.common.runner.API_Runner" name="scenario" time="0.374"/>
  <system-out/>
  <testcase classname="com.Gypsee.bdd.common.runner.API_Runner" name="scenario" time="0.025">
    <error message="Resource uri not defined for the specific file name - startTrip" type="java.lang.RuntimeException">
      <![CDATA[java.lang.RuntimeException: Resource uri not defined for the specific file name - startTrip
at com.Gypsee.bdd.integrations.common_utils.ResourceURIS.getResourceURI(ResourceURIS.java:90)
at com.Gypsee.bdd.api.step_definitions.ApiRequestModificationSteps.modifyPayload(ApiRequestModificationSteps.java:122)
at ✽.I modify the fields in "startTrip" payload(file:///C:/Users/TECQNIO/Documents/GitHub/Gypsee_Exploration/src/test/java/com/Gypsee/bdd/api/features/9.%20Gypsee_Start_Trip.feature:68)
]]>
    </error>
  </testcase> <!-- scenario -->
  <system-out/>
  <testcase classname="com.Gypsee.bdd.common.runner.API_Runner" name="scenario" time="0.140"/>
  <system-out/>
  <testcase classname="com.Gypsee.bdd.common.runner.API_Runner" name="scenario" time="0.803"/>
  <system-out/>
  <testcase classname="com.Gypsee.bdd.common.runner.API_Runner" name="scenario" time="0.505"/>
  <system-out/>
  <testcase classname="com.Gypsee.bdd.common.runner.API_Runner" name="scenario" time="0.113"/>
  <system-out/>
  <testcase classname="com.Gypsee.bdd.common.runner.API_Runner" name="scenario" time="0.217"/>
  <system-out/>
  <testcase classname="com.Gypsee.bdd.common.runner.API_Runner" name="scenario" time="0.373"/>
  <system-out/>
  <testcase classname="com.Gypsee.bdd.common.runner.API_Runner" name="scenario" time="1.802"/>
  <system-out/>
  <testcase classname="com.Gypsee.bdd.common.runner.API_Runner" name="scenario" time="0.378"/>
  <system-out/>
  <testcase classname="com.Gypsee.bdd.common.runner.API_Runner" name="scenario" time="0.449"/>
  <system-out/>
  <testcase classname="com.Gypsee.bdd.common.runner.API_Runner" name="scenario" time="0.441"/>
  <system-out/>
  <testcase classname="com.Gypsee.bdd.common.runner.API_Runner" name="scenario" time="0.029">
    <error message="Resource uri not defined for the specific file name - startTrip" type="java.lang.RuntimeException">
      <![CDATA[java.lang.RuntimeException: Resource uri not defined for the specific file name - startTrip
at com.Gypsee.bdd.integrations.common_utils.ResourceURIS.getResourceURI(ResourceURIS.java:90)
at com.Gypsee.bdd.api.step_definitions.ApiRequestModificationSteps.modifyPayload(ApiRequestModificationSteps.java:122)
at ✽.I modify the fields in "startTrip" payload(file:///C:/Users/TECQNIO/Documents/GitHub/Gypsee_Exploration/src/test/java/com/Gypsee/bdd/api/features/9.%20Gypsee_Start_Trip.feature:68)
]]>
    </error>
  </testcase> <!-- scenario -->
  <system-out/>
  <testcase classname="com.Gypsee.bdd.common.runner.API_Runner" name="scenario" time="0.517"/>
  <system-out/>
  <testcase classname="com.Gypsee.bdd.common.runner.API_Runner" name="scenario" time="0.020">
    <error message="Resource uri not defined for the specific file name - startTrip" type="java.lang.RuntimeException">
      <![CDATA[java.lang.RuntimeException: Resource uri not defined for the specific file name - startTrip
at com.Gypsee.bdd.integrations.common_utils.ResourceURIS.getResourceURI(ResourceURIS.java:90)
at com.Gypsee.bdd.api.step_definitions.ApiRequestModificationSteps.modifyPayload(ApiRequestModificationSteps.java:122)
at ✽.I modify the fields in "startTrip" payload(file:///C:/Users/TECQNIO/Documents/GitHub/Gypsee_Exploration/src/test/java/com/Gypsee/bdd/api/features/9.%20Gypsee_Start_Trip.feature:68)
]]>
    </error>
  </testcase> <!-- scenario -->
  <system-out/>
  <testcase classname="com.Gypsee.bdd.common.runner.API_Runner" name="scenario" time="0.024">
    <error message="Resource uri not defined for the specific file name - startTrip" type="java.lang.RuntimeException">
      <![CDATA[java.lang.RuntimeException: Resource uri not defined for the specific file name - startTrip
at com.Gypsee.bdd.integrations.common_utils.ResourceURIS.getResourceURI(ResourceURIS.java:90)
at com.Gypsee.bdd.api.step_definitions.ApiRequestModificationSteps.modifyPayload(ApiRequestModificationSteps.java:122)
at ✽.I modify the fields in "startTrip" payload(file:///C:/Users/TECQNIO/Documents/GitHub/Gypsee_Exploration/src/test/java/com/Gypsee/bdd/api/features/9.%20Gypsee_Start_Trip.feature:68)
]]>
    </error>
  </testcase> <!-- scenario -->
  <system-out/>
</testsuite> <!-- com.Gypsee.bdd.common.runner.API_Runner -->
